[2019-05-10 11:09:01.511][main][INFO][org.springframework.boot.StartupInfoLogger][48]:Starting App on SC-201609241517 with PID 17168 (started by Administrator in F:\GitProject\云宝科技项目\武警枪支定位\new\army_gun_parent)
[2019-05-10 11:09:01.521][main][INFO][org.springframework.boot.SpringApplication][597]:The following profiles are active: dev
[2019-05-10 11:09:01.909][background-preinit][INFO][org.hibernate.validator.internal.util.Version][30]:HV000001: Hibernate Validator 5.3.6.Final
[2019-05-10 11:09:01.962][main][INFO][org.springframework.context.support.AbstractApplicationContext][583]:Refreshing org.springframework.boot.context.embedded.AnnotationConfigEmbeddedWebApplicationContext@59252cb6: startup date [Fri May 10 11:09:01 CST 2019]; root of context hierarchy
[2019-05-10 11:09:01.962][main][INFO][org.springframework.context.support.AbstractApplicationContext][583]:Refreshing org.springframework.boot.context.embedded.AnnotationConfigEmbeddedWebApplicationContext@59252cb6: startup date [Fri May 10 11:09:01 CST 2019]; root of context hierarchy
[2019-05-10 11:09:03.663][main][INFO][org.springframework.beans.factory.support.DefaultListableBeanFactory][828]:Overriding bean definition for bean 'shiroRealm' with a different definition: replacing [Generic bean: class [com.ybkj.common.shiro.ShiroRealm]; scope=singleton; abstract=false; lazyInit=false; autowireMode=0; dependencyCheck=0; autowireCandidate=true; primary=false; factoryBeanName=null; factoryMethodName=null; initMethodName=null; destroyMethodName=null; defined in file [F:\GitProject\云宝科技项目\武警枪支定位\new\army_gun_parent\gun_yb_web\target\classes\com\ybkj\common\shiro\ShiroRealm.class]] with [Root bean: class [null]; scope=; abstract=false; lazyInit=false; autowireMode=3; dependencyCheck=0; autowireCandidate=true; primary=false; factoryBeanName=shiroConfig; factoryMethodName=shiroRealm; initMethodName=null; destroyMethodName=(inferred); defined in class path resource [com/ybkj/common/shiro/ShiroConfig.class]]
[2019-05-10 11:09:03.663][main][INFO][org.springframework.beans.factory.support.DefaultListableBeanFactory][828]:Overriding bean definition for bean 'shiroRealm' with a different definition: replacing [Generic bean: class [com.ybkj.common.shiro.ShiroRealm]; scope=singleton; abstract=false; lazyInit=false; autowireMode=0; dependencyCheck=0; autowireCandidate=true; primary=false; factoryBeanName=null; factoryMethodName=null; initMethodName=null; destroyMethodName=null; defined in file [F:\GitProject\云宝科技项目\武警枪支定位\new\army_gun_parent\gun_yb_web\target\classes\com\ybkj\common\shiro\ShiroRealm.class]] with [Root bean: class [null]; scope=; abstract=false; lazyInit=false; autowireMode=3; dependencyCheck=0; autowireCandidate=true; primary=false; factoryBeanName=shiroConfig; factoryMethodName=shiroRealm; initMethodName=null; destroyMethodName=(inferred); defined in class path resource [com/ybkj/common/shiro/ShiroConfig.class]]
[2019-05-10 11:09:03.689][main][WARN][org.mybatis.spring.mapper.ClassPathMapperScanner][239]:Skipping MapperFactoryBean with name 'appDynamicDataMapper' and 'com.ybkj.gun.mapper.AppDynamicDataMapper' mapperInterface. Bean already defined with the same name!
[2019-05-10 11:09:03.689][main][WARN][org.mybatis.spring.mapper.ClassPathMapperScanner][239]:Skipping MapperFactoryBean with name 'appGunMapper' and 'com.ybkj.gun.mapper.AppGunMapper' mapperInterface. Bean already defined with the same name!
[2019-05-10 11:09:03.690][main][WARN][org.mybatis.spring.mapper.ClassPathMapperScanner][239]:Skipping MapperFactoryBean with name 'appGunUserMapper' and 'com.ybkj.gun.mapper.AppGunUserMapper' mapperInterface. Bean already defined with the same name!
[2019-05-10 11:09:03.690][main][WARN][org.mybatis.spring.mapper.ClassPathMapperScanner][239]:Skipping MapperFactoryBean with name 'appMapper' and 'com.ybkj.gun.mapper.AppMapper' mapperInterface. Bean already defined with the same name!
[2019-05-10 11:09:03.690][main][WARN][org.mybatis.spring.mapper.ClassPathMapperScanner][239]:Skipping MapperFactoryBean with name 'departmentMapper' and 'com.ybkj.gun.mapper.DepartmentMapper' mapperInterface. Bean already defined with the same name!
[2019-05-10 11:09:03.690][main][WARN][org.mybatis.spring.mapper.ClassPathMapperScanner][239]:Skipping MapperFactoryBean with name 'exceptionMapper' and 'com.ybkj.gun.mapper.ExceptionMapper' mapperInterface. Bean already defined with the same name!
[2019-05-10 11:09:03.690][main][WARN][org.mybatis.spring.mapper.ClassPathMapperScanner][239]:Skipping MapperFactoryBean with name 'gunBulletCountMapper' and 'com.ybkj.gun.mapper.GunBulletCountMapper' mapperInterface. Bean already defined with the same name!
[2019-05-10 11:09:03.691][main][WARN][org.mybatis.spring.mapper.ClassPathMapperScanner][239]:Skipping MapperFactoryBean with name 'gunLocationMapper' and 'com.ybkj.gun.mapper.GunLocationMapper' mapperInterface. Bean already defined with the same name!
[2019-05-10 11:09:03.691][main][WARN][org.mybatis.spring.mapper.ClassPathMapperScanner][239]:Skipping MapperFactoryBean with name 'gunMapper' and 'com.ybkj.gun.mapper.GunMapper' mapperInterface. Bean already defined with the same name!
[2019-05-10 11:09:03.691][main][WARN][org.mybatis.spring.mapper.ClassPathMapperScanner][239]:Skipping MapperFactoryBean with name 'gunUserMapper' and 'com.ybkj.gun.mapper.GunUserMapper' mapperInterface. Bean already defined with the same name!
[2019-05-10 11:09:03.691][main][WARN][org.mybatis.spring.mapper.ClassPathMapperScanner][239]:Skipping MapperFactoryBean with name 'menuMapper' and 'com.ybkj.gun.mapper.MenuMapper' mapperInterface. Bean already defined with the same name!
[2019-05-10 11:09:03.691][main][WARN][org.mybatis.spring.mapper.ClassPathMapperScanner][239]:Skipping MapperFactoryBean with name 'messageRecordsMapper' and 'com.ybkj.gun.mapper.MessageRecordsMapper' mapperInterface. Bean already defined with the same name!
[2019-05-10 11:09:03.691][main][WARN][org.mybatis.spring.mapper.ClassPathMapperScanner][239]:Skipping MapperFactoryBean with name 'missionMapper' and 'com.ybkj.gun.mapper.MissionMapper' mapperInterface. Bean already defined with the same name!
[2019-05-10 11:09:03.692][main][WARN][org.mybatis.spring.mapper.ClassPathMapperScanner][239]:Skipping MapperFactoryBean with name 'roleMapper' and 'com.ybkj.gun.mapper.RoleMapper' mapperInterface. Bean already defined with the same name!
[2019-05-10 11:09:03.692][main][WARN][org.mybatis.spring.mapper.ClassPathMapperScanner][239]:Skipping MapperFactoryBean with name 'roleMenuMapper' and 'com.ybkj.gun.mapper.RoleMenuMapper' mapperInterface. Bean already defined with the same name!
[2019-05-10 11:09:03.692][main][WARN][org.mybatis.spring.mapper.ClassPathMapperScanner][239]:Skipping MapperFactoryBean with name 'sosMessageMapper' and 'com.ybkj.gun.mapper.SosMessageMapper' mapperInterface. Bean already defined with the same name!
[2019-05-10 11:09:03.692][main][WARN][org.mybatis.spring.mapper.ClassPathMapperScanner][239]:Skipping MapperFactoryBean with name 'sysSerialNumberMapper' and 'com.ybkj.gun.mapper.SysSerialNumberMapper' mapperInterface. Bean already defined with the same name!
[2019-05-10 11:09:03.692][main][WARN][org.mybatis.spring.mapper.ClassPathMapperScanner][239]:Skipping MapperFactoryBean with name 'thirdServerUserMapper' and 'com.ybkj.gun.mapper.ThirdServerUserMapper' mapperInterface. Bean already defined with the same name!
[2019-05-10 11:09:03.693][main][WARN][org.mybatis.spring.mapper.ClassPathMapperScanner][239]:Skipping MapperFactoryBean with name 'userRoleMapper' and 'com.ybkj.gun.mapper.UserRoleMapper' mapperInterface. Bean already defined with the same name!
[2019-05-10 11:09:03.693][main][WARN][org.mybatis.spring.mapper.ClassPathMapperScanner][239]:Skipping MapperFactoryBean with name 'warehouseMapper' and 'com.ybkj.gun.mapper.WarehouseMapper' mapperInterface. Bean already defined with the same name!
[2019-05-10 11:09:03.693][main][WARN][org.mybatis.spring.mapper.ClassPathMapperScanner][239]:Skipping MapperFactoryBean with name 'warehouseRecordsMapper' and 'com.ybkj.gun.mapper.WarehouseRecordsMapper' mapperInterface. Bean already defined with the same name!
[2019-05-10 11:09:03.694][main][WARN][org.mybatis.spring.mapper.ClassPathMapperScanner][239]:Skipping MapperFactoryBean with name 'webUserLoginMapper' and 'com.ybkj.gun.mapper.WebUserLoginMapper' mapperInterface. Bean already defined with the same name!
[2019-05-10 11:09:03.694][main][WARN][org.mybatis.spring.mapper.ClassPathMapperScanner][239]:Skipping MapperFactoryBean with name 'webUserMapper' and 'com.ybkj.gun.mapper.WebUserMapper' mapperInterface. Bean already defined with the same name!
[2019-05-10 11:09:03.694][main][WARN][org.mybatis.spring.mapper.ClassPathMapperScanner][166]:No MyBatis mapper was found in '[com.ybkj.gun.mapper]' package. Please check your configuration.
[2019-05-10 11:09:04.047][main][INFO][org.springframework.data.repository.config.RepositoryConfigurationDelegate][165]:Multiple Spring Data modules found, entering strict repository configuration mode!
[2019-05-10 11:09:04.047][main][INFO][org.springframework.data.repository.config.RepositoryConfigurationDelegate][165]:Multiple Spring Data modules found, entering strict repository configuration mode!
[2019-05-10 11:09:04.642][main][INFO][org.springframework.beans.factory.annotation.AutowiredAnnotationBeanPostProcessor][155]:JSR-330 'javax.inject.Inject' annotation found and supported for autowiring
[2019-05-10 11:09:04.642][main][INFO][org.springframework.beans.factory.annotation.AutowiredAnnotationBeanPostProcessor][155]:JSR-330 'javax.inject.Inject' annotation found and supported for autowiring
[2019-05-10 11:09:04.837][main][INFO][org.springframework.context.support.PostProcessorRegistrationDelegate$BeanPostProcessorChecker][327]:Bean 'shiroConfig' of type [com.ybkj.common.shiro.ShiroConfig$$EnhancerBySpringCGLIB$$6225105d] is not eligible for getting processed by all BeanPostProcessors (for example: not eligible for auto-proxying)
[2019-05-10 11:09:04.837][main][INFO][org.springframework.context.support.PostProcessorRegistrationDelegate$BeanPostProcessorChecker][327]:Bean 'shiroConfig' of type [com.ybkj.common.shiro.ShiroConfig$$EnhancerBySpringCGLIB$$6225105d] is not eligible for getting processed by all BeanPostProcessors (for example: not eligible for auto-proxying)
[2019-05-10 11:09:07.781][main][INFO][org.springframework.context.support.PostProcessorRegistrationDelegate$BeanPostProcessorChecker][327]:Bean 'ehCacheManager' of type [org.apache.shiro.cache.ehcache.EhCacheManager] is not eligible for getting processed by all BeanPostProcessors (for example: not eligible for auto-proxying)
[2019-05-10 11:09:07.781][main][INFO][org.springframework.context.support.PostProcessorRegistrationDelegate$BeanPostProcessorChecker][327]:Bean 'ehCacheManager' of type [org.apache.shiro.cache.ehcache.EhCacheManager] is not eligible for getting processed by all BeanPostProcessors (for example: not eligible for auto-proxying)
[2019-05-10 11:09:07.782][main][INFO][org.apache.shiro.cache.ehcache.EhCacheManager][170]:Using existing EHCache named [passwordRetryCache]
[2019-05-10 11:09:07.796][main][INFO][org.springframework.context.support.PostProcessorRegistrationDelegate$BeanPostProcessorChecker][327]:Bean 'hashedCredentialsMatcher' of type [com.ybkj.common.shiro.RetryLimitHashedCredentialsMatcher] is not eligible for getting processed by all BeanPostProcessors (for example: not eligible for auto-proxying)
[2019-05-10 11:09:07.796][main][INFO][org.springframework.context.support.PostProcessorRegistrationDelegate$BeanPostProcessorChecker][327]:Bean 'hashedCredentialsMatcher' of type [com.ybkj.common.shiro.RetryLimitHashedCredentialsMatcher] is not eligible for getting processed by all BeanPostProcessors (for example: not eligible for auto-proxying)
[2019-05-10 11:09:07.867][main][INFO][org.springframework.context.support.PostProcessorRegistrationDelegate$BeanPostProcessorChecker][327]:Bean 'dataSourceConfig' of type [com.ybkj.common.config.DataSourceConfig$$EnhancerBySpringCGLIB$$9e54a7da] is not eligible for getting processed by all BeanPostProcessors (for example: not eligible for auto-proxying)
[2019-05-10 11:09:07.867][main][INFO][org.springframework.context.support.PostProcessorRegistrationDelegate$BeanPostProcessorChecker][327]:Bean 'dataSourceConfig' of type [com.ybkj.common.config.DataSourceConfig$$EnhancerBySpringCGLIB$$9e54a7da] is not eligible for getting processed by all BeanPostProcessors (for example: not eligible for auto-proxying)
[2019-05-10 11:09:08.214][main][INFO][org.springframework.context.support.PostProcessorRegistrationDelegate$BeanPostProcessorChecker][327]:Bean 'testDataSource' of type [org.apache.tomcat.jdbc.pool.DataSource] is not eligible for getting processed by all BeanPostProcessors (for example: not eligible for auto-proxying)
[2019-05-10 11:09:08.214][main][INFO][org.springframework.context.support.PostProcessorRegistrationDelegate$BeanPostProcessorChecker][327]:Bean 'testDataSource' of type [org.apache.tomcat.jdbc.pool.DataSource] is not eligible for getting processed by all BeanPostProcessors (for example: not eligible for auto-proxying)
[2019-05-10 11:09:10.053][main][INFO][org.springframework.context.support.PostProcessorRegistrationDelegate$BeanPostProcessorChecker][327]:Bean 'testSqlSessionFactory' of type [org.apache.ibatis.session.defaults.DefaultSqlSessionFactory] is not eligible for getting processed by all BeanPostProcessors (for example: not eligible for auto-proxying)
[2019-05-10 11:09:10.053][main][INFO][org.springframework.context.support.PostProcessorRegistrationDelegate$BeanPostProcessorChecker][327]:Bean 'testSqlSessionFactory' of type [org.apache.ibatis.session.defaults.DefaultSqlSessionFactory] is not eligible for getting processed by all BeanPostProcessors (for example: not eligible for auto-proxying)
[2019-05-10 11:09:10.070][main][INFO][org.springframework.context.support.PostProcessorRegistrationDelegate$BeanPostProcessorChecker][327]:Bean 'testSqlSessionTemplate' of type [org.mybatis.spring.SqlSessionTemplate] is not eligible for getting processed by all BeanPostProcessors (for example: not eligible for auto-proxying)
[2019-05-10 11:09:10.070][main][INFO][org.springframework.context.support.PostProcessorRegistrationDelegate$BeanPostProcessorChecker][327]:Bean 'testSqlSessionTemplate' of type [org.mybatis.spring.SqlSessionTemplate] is not eligible for getting processed by all BeanPostProcessors (for example: not eligible for auto-proxying)
[2019-05-10 11:09:10.071][main][INFO][org.springframework.context.support.PostProcessorRegistrationDelegate$BeanPostProcessorChecker][327]:Bean 'webUserMapper' of type [org.mybatis.spring.mapper.MapperFactoryBean] is not eligible for getting processed by all BeanPostProcessors (for example: not eligible for auto-proxying)
[2019-05-10 11:09:10.071][main][INFO][org.springframework.context.support.PostProcessorRegistrationDelegate$BeanPostProcessorChecker][327]:Bean 'webUserMapper' of type [org.mybatis.spring.mapper.MapperFactoryBean] is not eligible for getting processed by all BeanPostProcessors (for example: not eligible for auto-proxying)
[2019-05-10 11:09:10.075][main][INFO][org.springframework.context.support.PostProcessorRegistrationDelegate$BeanPostProcessorChecker][327]:Bean 'webUserMapper' of type [com.sun.proxy.$Proxy77] is not eligible for getting processed by all BeanPostProcessors (for example: not eligible for auto-proxying)
[2019-05-10 11:09:10.075][main][INFO][org.springframework.context.support.PostProcessorRegistrationDelegate$BeanPostProcessorChecker][327]:Bean 'webUserMapper' of type [com.sun.proxy.$Proxy77] is not eligible for getting processed by all BeanPostProcessors (for example: not eligible for auto-proxying)
[2019-05-10 11:09:10.079][main][INFO][org.springframework.context.support.PostProcessorRegistrationDelegate$BeanPostProcessorChecker][327]:Bean 'roleMapper' of type [org.mybatis.spring.mapper.MapperFactoryBean] is not eligible for getting processed by all BeanPostProcessors (for example: not eligible for auto-proxying)
[2019-05-10 11:09:10.079][main][INFO][org.springframework.context.support.PostProcessorRegistrationDelegate$BeanPostProcessorChecker][327]:Bean 'roleMapper' of type [org.mybatis.spring.mapper.MapperFactoryBean] is not eligible for getting processed by all BeanPostProcessors (for example: not eligible for auto-proxying)
[2019-05-10 11:09:10.081][main][INFO][org.springframework.context.support.PostProcessorRegistrationDelegate$BeanPostProcessorChecker][327]:Bean 'roleMapper' of type [com.sun.proxy.$Proxy78] is not eligible for getting processed by all BeanPostProcessors (for example: not eligible for auto-proxying)
[2019-05-10 11:09:10.081][main][INFO][org.springframework.context.support.PostProcessorRegistrationDelegate$BeanPostProcessorChecker][327]:Bean 'roleMapper' of type [com.sun.proxy.$Proxy78] is not eligible for getting processed by all BeanPostProcessors (for example: not eligible for auto-proxying)
[2019-05-10 11:09:10.083][main][INFO][org.springframework.context.support.PostProcessorRegistrationDelegate$BeanPostProcessorChecker][327]:Bean 'menuMapper' of type [org.mybatis.spring.mapper.MapperFactoryBean] is not eligible for getting processed by all BeanPostProcessors (for example: not eligible for auto-proxying)
[2019-05-10 11:09:10.083][main][INFO][org.springframework.context.support.PostProcessorRegistrationDelegate$BeanPostProcessorChecker][327]:Bean 'menuMapper' of type [org.mybatis.spring.mapper.MapperFactoryBean] is not eligible for getting processed by all BeanPostProcessors (for example: not eligible for auto-proxying)
[2019-05-10 11:09:10.086][main][INFO][org.springframework.context.support.PostProcessorRegistrationDelegate$BeanPostProcessorChecker][327]:Bean 'menuMapper' of type [com.sun.proxy.$Proxy79] is not eligible for getting processed by all BeanPostProcessors (for example: not eligible for auto-proxying)
[2019-05-10 11:09:10.086][main][INFO][org.springframework.context.support.PostProcessorRegistrationDelegate$BeanPostProcessorChecker][327]:Bean 'menuMapper' of type [com.sun.proxy.$Proxy79] is not eligible for getting processed by all BeanPostProcessors (for example: not eligible for auto-proxying)
[2019-05-10 11:09:10.088][main][INFO][org.springframework.context.support.PostProcessorRegistrationDelegate$BeanPostProcessorChecker][327]:Bean 'shiroRealm' of type [com.ybkj.common.shiro.ShiroRealm] is not eligible for getting processed by all BeanPostProcessors (for example: not eligible for auto-proxying)
[2019-05-10 11:09:10.088][main][INFO][org.springframework.context.support.PostProcessorRegistrationDelegate$BeanPostProcessorChecker][327]:Bean 'shiroRealm' of type [com.ybkj.common.shiro.ShiroRealm] is not eligible for getting processed by all BeanPostProcessors (for example: not eligible for auto-proxying)
[2019-05-10 11:09:10.091][main][INFO][org.apache.shiro.cache.ehcache.EhCacheManager][159]:Cache with name 'com.ybkj.common.shiro.ShiroRealm.authorizationCache' does not yet exist.  Creating now.
[2019-05-10 11:09:10.093][main][INFO][org.apache.shiro.cache.ehcache.EhCacheManager][166]:Added EhCache named [com.ybkj.common.shiro.ShiroRealm.authorizationCache]
[2019-05-10 11:09:10.110][main][INFO][org.springframework.context.support.PostProcessorRegistrationDelegate$BeanPostProcessorChecker][327]:Bean 'enterCacheSessionDAO' of type [org.apache.shiro.session.mgt.eis.EnterpriseCacheSessionDAO] is not eligible for getting processed by all BeanPostProcessors (for example: not eligible for auto-proxying)
[2019-05-10 11:09:10.110][main][INFO][org.springframework.context.support.PostProcessorRegistrationDelegate$BeanPostProcessorChecker][327]:Bean 'enterCacheSessionDAO' of type [org.apache.shiro.session.mgt.eis.EnterpriseCacheSessionDAO] is not eligible for getting processed by all BeanPostProcessors (for example: not eligible for auto-proxying)
[2019-05-10 11:09:10.118][main][INFO][org.springframework.context.support.PostProcessorRegistrationDelegate$BeanPostProcessorChecker][327]:Bean 'sessionIdCookie' of type [org.apache.shiro.web.servlet.SimpleCookie] is not eligible for getting processed by all BeanPostProcessors (for example: not eligible for auto-proxying)
[2019-05-10 11:09:10.118][main][INFO][org.springframework.context.support.PostProcessorRegistrationDelegate$BeanPostProcessorChecker][327]:Bean 'sessionIdCookie' of type [org.apache.shiro.web.servlet.SimpleCookie] is not eligible for getting processed by all BeanPostProcessors (for example: not eligible for auto-proxying)
[2019-05-10 11:09:10.143][main][INFO][org.springframework.context.support.PostProcessorRegistrationDelegate$BeanPostProcessorChecker][327]:Bean 'sessionManager' of type [org.apache.shiro.web.session.mgt.DefaultWebSessionManager] is not eligible for getting processed by all BeanPostProcessors (for example: not eligible for auto-proxying)
[2019-05-10 11:09:10.143][main][INFO][org.springframework.context.support.PostProcessorRegistrationDelegate$BeanPostProcessorChecker][327]:Bean 'sessionManager' of type [org.apache.shiro.web.session.mgt.DefaultWebSessionManager] is not eligible for getting processed by all BeanPostProcessors (for example: not eligible for auto-proxying)
[2019-05-10 11:09:10.146][main][INFO][org.springframework.context.support.PostProcessorRegistrationDelegate$BeanPostProcessorChecker][327]:Bean 'remeberMeCookie' of type [org.apache.shiro.web.servlet.SimpleCookie] is not eligible for getting processed by all BeanPostProcessors (for example: not eligible for auto-proxying)
[2019-05-10 11:09:10.146][main][INFO][org.springframework.context.support.PostProcessorRegistrationDelegate$BeanPostProcessorChecker][327]:Bean 'remeberMeCookie' of type [org.apache.shiro.web.servlet.SimpleCookie] is not eligible for getting processed by all BeanPostProcessors (for example: not eligible for auto-proxying)
[2019-05-10 11:09:10.154][main][INFO][org.springframework.context.support.PostProcessorRegistrationDelegate$BeanPostProcessorChecker][327]:Bean 'rememberMeManager' of type [org.apache.shiro.web.mgt.CookieRememberMeManager] is not eligible for getting processed by all BeanPostProcessors (for example: not eligible for auto-proxying)
[2019-05-10 11:09:10.154][main][INFO][org.springframework.context.support.PostProcessorRegistrationDelegate$BeanPostProcessorChecker][327]:Bean 'rememberMeManager' of type [org.apache.shiro.web.mgt.CookieRememberMeManager] is not eligible for getting processed by all BeanPostProcessors (for example: not eligible for auto-proxying)
[2019-05-10 11:09:10.176][main][INFO][org.springframework.context.support.PostProcessorRegistrationDelegate$BeanPostProcessorChecker][327]:Bean 'securityManager' of type [org.apache.shiro.web.mgt.DefaultWebSecurityManager] is not eligible for getting processed by all BeanPostProcessors (for example: not eligible for auto-proxying)
[2019-05-10 11:09:10.176][main][INFO][org.springframework.context.support.PostProcessorRegistrationDelegate$BeanPostProcessorChecker][327]:Bean 'securityManager' of type [org.apache.shiro.web.mgt.DefaultWebSecurityManager] is not eligible for getting processed by all BeanPostProcessors (for example: not eligible for auto-proxying)
[2019-05-10 11:09:10.184][main][INFO][org.apache.shiro.cache.ehcache.EhCacheManager][170]:Using existing EHCache named [shiro-activeSessionCache]
[2019-05-10 11:09:10.312][main][INFO][org.springframework.context.support.PostProcessorRegistrationDelegate$BeanPostProcessorChecker][327]:Bean 'org.springframework.cache.annotation.ProxyCachingConfiguration' of type [org.springframework.cache.annotation.ProxyCachingConfiguration$$EnhancerBySpringCGLIB$$9376e58a] is not eligible for getting processed by all BeanPostProcessors (for example: not eligible for auto-proxying)
[2019-05-10 11:09:10.312][main][INFO][org.springframework.context.support.PostProcessorRegistrationDelegate$BeanPostProcessorChecker][327]:Bean 'org.springframework.cache.annotation.ProxyCachingConfiguration' of type [org.springframework.cache.annotation.ProxyCachingConfiguration$$EnhancerBySpringCGLIB$$9376e58a] is not eligible for getting processed by all BeanPostProcessors (for example: not eligible for auto-proxying)
[2019-05-10 11:09:10.330][main][INFO][org.springframework.context.support.PostProcessorRegistrationDelegate$BeanPostProcessorChecker][327]:Bean 'org.springframework.transaction.annotation.ProxyTransactionManagementConfiguration' of type [org.springframework.transaction.annotation.ProxyTransactionManagementConfiguration$$EnhancerBySpringCGLIB$$4a64af6c] is not eligible for getting processed by all BeanPostProcessors (for example: not eligible for auto-proxying)
[2019-05-10 11:09:10.330][main][INFO][org.springframework.context.support.PostProcessorRegistrationDelegate$BeanPostProcessorChecker][327]:Bean 'org.springframework.transaction.annotation.ProxyTransactionManagementConfiguration' of type [org.springframework.transaction.annotation.ProxyTransactionManagementConfiguration$$EnhancerBySpringCGLIB$$4a64af6c] is not eligible for getting processed by all BeanPostProcessors (for example: not eligible for auto-proxying)
[2019-05-10 11:09:10.365][main][INFO][org.springframework.context.support.PostProcessorRegistrationDelegate$BeanPostProcessorChecker][327]:Bean 'authorizationAttributeSourceAdvisor' of type [org.apache.shiro.spring.security.interceptor.AuthorizationAttributeSourceAdvisor] is not eligible for getting processed by all BeanPostProcessors (for example: not eligible for auto-proxying)
[2019-05-10 11:09:10.365][main][INFO][org.springframework.context.support.PostProcessorRegistrationDelegate$BeanPostProcessorChecker][327]:Bean 'authorizationAttributeSourceAdvisor' of type [org.apache.shiro.spring.security.interceptor.AuthorizationAttributeSourceAdvisor] is not eligible for getting processed by all BeanPostProcessors (for example: not eligible for auto-proxying)
[2019-05-10 11:09:11.183][main][INFO][org.springframework.boot.context.embedded.tomcat.TomcatEmbeddedServletContainer][89]:Tomcat initialized with port(s): 8888 (http)
[2019-05-10 11:09:11.183][main][INFO][org.springframework.boot.context.embedded.tomcat.TomcatEmbeddedServletContainer][89]:Tomcat initialized with port(s): 8888 (http)
[2019-05-10 11:09:11.204][main][INFO][org.apache.juli.logging.DirectJDKLog][179]:Starting service [Tomcat]
[2019-05-10 11:09:11.206][main][INFO][org.apache.juli.logging.DirectJDKLog][179]:Starting Servlet Engine: Apache Tomcat/8.5.23
[2019-05-10 11:09:11.477][localhost-startStop-1][INFO][org.apache.juli.logging.DirectJDKLog][179]:Initializing Spring embedded WebApplicationContext
[2019-05-10 11:09:11.477][localhost-startStop-1][INFO][org.springframework.boot.context.embedded.EmbeddedWebApplicationContext][276]:Root WebApplicationContext: initialization completed in 9522 ms
[2019-05-10 11:09:11.477][localhost-startStop-1][INFO][org.springframework.boot.context.embedded.EmbeddedWebApplicationContext][276]:Root WebApplicationContext: initialization completed in 9522 ms
[2019-05-10 11:09:12.064][localhost-startStop-1][INFO][org.springframework.boot.web.servlet.ServletRegistrationBean][190]:Mapping servlet: 'dispatcherServlet' to [/]
[2019-05-10 11:09:12.064][localhost-startStop-1][INFO][org.springframework.boot.web.servlet.ServletRegistrationBean][190]:Mapping servlet: 'dispatcherServlet' to [/]
[2019-05-10 11:09:12.074][localhost-startStop-1][INFO][org.springframework.boot.web.servlet.AbstractFilterRegistrationBean][258]:Mapping filter: 'characterEncodingFilter' to: [/*]
[2019-05-10 11:09:12.074][localhost-startStop-1][INFO][org.springframework.boot.web.servlet.AbstractFilterRegistrationBean][258]:Mapping filter: 'characterEncodingFilter' to: [/*]
[2019-05-10 11:09:12.074][localhost-startStop-1][INFO][org.springframework.boot.web.servlet.AbstractFilterRegistrationBean][258]:Mapping filter: 'hiddenHttpMethodFilter' to: [/*]
[2019-05-10 11:09:12.074][localhost-startStop-1][INFO][org.springframework.boot.web.servlet.AbstractFilterRegistrationBean][258]:Mapping filter: 'hiddenHttpMethodFilter' to: [/*]
[2019-05-10 11:09:12.074][localhost-startStop-1][INFO][org.springframework.boot.web.servlet.AbstractFilterRegistrationBean][258]:Mapping filter: 'httpPutFormContentFilter' to: [/*]
[2019-05-10 11:09:12.074][localhost-startStop-1][INFO][org.springframework.boot.web.servlet.AbstractFilterRegistrationBean][258]:Mapping filter: 'httpPutFormContentFilter' to: [/*]
[2019-05-10 11:09:12.074][localhost-startStop-1][INFO][org.springframework.boot.web.servlet.AbstractFilterRegistrationBean][258]:Mapping filter: 'requestContextFilter' to: [/*]
[2019-05-10 11:09:12.074][localhost-startStop-1][INFO][org.springframework.boot.web.servlet.AbstractFilterRegistrationBean][258]:Mapping filter: 'requestContextFilter' to: [/*]
[2019-05-10 11:09:12.075][localhost-startStop-1][INFO][org.springframework.boot.web.servlet.AbstractFilterRegistrationBean][258]:Mapping filter: 'sessionFilter' to: [/*]
[2019-05-10 11:09:12.075][localhost-startStop-1][INFO][org.springframework.boot.web.servlet.AbstractFilterRegistrationBean][258]:Mapping filter: 'sessionFilter' to: [/*]
[2019-05-10 11:09:12.075][localhost-startStop-1][INFO][org.springframework.boot.web.servlet.AbstractFilterRegistrationBean][258]:Mapping filter: 'kickoutSessionFilter' to: [/*]
[2019-05-10 11:09:12.075][localhost-startStop-1][INFO][org.springframework.boot.web.servlet.AbstractFilterRegistrationBean][258]:Mapping filter: 'kickoutSessionFilter' to: [/*]
[2019-05-10 11:09:12.075][localhost-startStop-1][INFO][org.springframework.boot.web.servlet.AbstractFilterRegistrationBean][258]:Mapping filter: 'shiroFilterFactoryBean' to: [/*]
[2019-05-10 11:09:12.075][localhost-startStop-1][INFO][org.springframework.boot.web.servlet.AbstractFilterRegistrationBean][258]:Mapping filter: 'shiroFilterFactoryBean' to: [/*]
[2019-05-10 11:09:15.164][main][INFO][org.springframework.web.servlet.handler.AbstractHandlerMethodMapping$MappingRegistry][543]:Mapped "{[/locationUtil/getLocation],methods=[GET]}" onto public com.ybkj.model.BaseModel com.ybkj.common.baiduMap.LocationUtil.getLocation(java.lang.String,java.lang.String)
[2019-05-10 11:09:15.164][main][INFO][org.springframework.web.servlet.handler.AbstractHandlerMethodMapping$MappingRegistry][543]:Mapped "{[/locationUtil/getLocation],methods=[GET]}" onto public com.ybkj.model.BaseModel com.ybkj.common.baiduMap.LocationUtil.getLocation(java.lang.String,java.lang.String)
[2019-05-10 11:09:15.166][main][INFO][org.springframework.web.servlet.handler.AbstractHandlerMethodMapping$MappingRegistry][543]:Mapped "{[/operation/outboundInitialization],methods=[PUT]}" onto public com.ybkj.model.BaseModel com.ybkj.common.initialize.Operation.outboundInitialization()
[2019-05-10 11:09:15.166][main][INFO][org.springframework.web.servlet.handler.AbstractHandlerMethodMapping$MappingRegistry][543]:Mapped "{[/operation/outboundInitialization],methods=[PUT]}" onto public com.ybkj.model.BaseModel com.ybkj.common.initialize.Operation.outboundInitialization()
[2019-05-10 11:09:15.168][main][INFO][org.springframework.web.servlet.handler.AbstractHandlerMethodMapping$MappingRegistry][543]:Mapped "{[/app/updateApp],methods=[PUT]}" onto public com.ybkj.model.BaseModel com.ybkj.gun.controller.AppController.updateApp(com.ybkj.gun.model.App)
[2019-05-10 11:09:15.168][main][INFO][org.springframework.web.servlet.handler.AbstractHandlerMethodMapping$MappingRegistry][543]:Mapped "{[/app/updateApp],methods=[PUT]}" onto public com.ybkj.model.BaseModel com.ybkj.gun.controller.AppController.updateApp(com.ybkj.gun.model.App)
[2019-05-10 11:09:15.169][main][INFO][org.springframework.web.servlet.handler.AbstractHandlerMethodMapping$MappingRegistry][543]:Mapped "{[/app/readApp],methods=[GET]}" onto public com.ybkj.model.BaseModel com.ybkj.gun.controller.AppController.readApp(java.lang.Integer)
[2019-05-10 11:09:15.169][main][INFO][org.springframework.web.servlet.handler.AbstractHandlerMethodMapping$MappingRegistry][543]:Mapped "{[/app/readApp],methods=[GET]}" onto public com.ybkj.model.BaseModel com.ybkj.gun.controller.AppController.readApp(java.lang.Integer)
[2019-05-10 11:09:15.169][main][INFO][org.springframework.web.servlet.handler.AbstractHandlerMethodMapping$MappingRegistry][543]:Mapped "{[/app/createApp],methods=[POST]}" onto public com.ybkj.model.BaseModel com.ybkj.gun.controller.AppController.createApp(com.ybkj.gun.model.App) throws java.lang.Exception
[2019-05-10 11:09:15.169][main][INFO][org.springframework.web.servlet.handler.AbstractHandlerMethodMapping$MappingRegistry][543]:Mapped "{[/app/createApp],methods=[POST]}" onto public com.ybkj.model.BaseModel com.ybkj.gun.controller.AppController.createApp(com.ybkj.gun.model.App) throws java.lang.Exception
[2019-05-10 11:09:15.170][main][INFO][org.springframework.web.servlet.handler.AbstractHandlerMethodMapping$MappingRegistry][543]:Mapped "{[/app/readAppList],methods=[GET]}" onto public com.ybkj.model.BaseModel com.ybkj.gun.controller.AppController.readAppList(java.lang.Integer,java.lang.Integer)
[2019-05-10 11:09:15.170][main][INFO][org.springframework.web.servlet.handler.AbstractHandlerMethodMapping$MappingRegistry][543]:Mapped "{[/app/readAppList],methods=[GET]}" onto public com.ybkj.model.BaseModel com.ybkj.gun.controller.AppController.readAppList(java.lang.Integer,java.lang.Integer)
[2019-05-10 11:09:15.170][main][INFO][org.springframework.web.servlet.handler.AbstractHandlerMethodMapping$MappingRegistry][543]:Mapped "{[/app/deleteApp],methods=[DELETE]}" onto public com.ybkj.model.BaseModel com.ybkj.gun.controller.AppController.deleteApp(java.lang.String)
[2019-05-10 11:09:15.170][main][INFO][org.springframework.web.servlet.handler.AbstractHandlerMethodMapping$MappingRegistry][543]:Mapped "{[/app/deleteApp],methods=[DELETE]}" onto public com.ybkj.model.BaseModel com.ybkj.gun.controller.AppController.deleteApp(java.lang.String)
[2019-05-10 11:09:15.171][main][INFO][org.springframework.web.servlet.handler.AbstractHandlerMethodMapping$MappingRegistry][543]:Mapped "{[/app/appSetUpParameters],methods=[POST]}" onto public com.ybkj.model.BaseModel com.ybkj.gun.controller.AppController.appSetUpParameters(java.lang.String,com.ybkj.common.pojo.ParamSettingMessageBody)
[2019-05-10 11:09:15.171][main][INFO][org.springframework.web.servlet.handler.AbstractHandlerMethodMapping$MappingRegistry][543]:Mapped "{[/app/appSetUpParameters],methods=[POST]}" onto public com.ybkj.model.BaseModel com.ybkj.gun.controller.AppController.appSetUpParameters(java.lang.String,com.ybkj.common.pojo.ParamSettingMessageBody)
[2019-05-10 11:09:15.173][main][INFO][org.springframework.web.servlet.handler.AbstractHandlerMethodMapping$MappingRegistry][543]:Mapped "{[/appDynamicData/readAppDynamicData],methods=[GET]}" onto public com.ybkj.model.BaseModel com.ybkj.gun.controller.AppDynamicDataController.readAppDynamicData(java.lang.Integer)
[2019-05-10 11:09:15.173][main][INFO][org.springframework.web.servlet.handler.AbstractHandlerMethodMapping$MappingRegistry][543]:Mapped "{[/appDynamicData/readAppDynamicData],methods=[GET]}" onto public com.ybkj.model.BaseModel com.ybkj.gun.controller.AppDynamicDataController.readAppDynamicData(java.lang.Integer)
[2019-05-10 11:09:15.174][main][INFO][org.springframework.web.servlet.handler.AbstractHandlerMethodMapping$MappingRegistry][543]:Mapped "{[/appDynamicData/readAppDynamicDataList],methods=[GET]}" onto public com.ybkj.model.BaseModel com.ybkj.gun.controller.AppDynamicDataController.readAppDynamicDataList(java.lang.Integer,java.lang.Integer,java.lang.String)
[2019-05-10 11:09:15.174][main][INFO][org.springframework.web.servlet.handler.AbstractHandlerMethodMapping$MappingRegistry][543]:Mapped "{[/appDynamicData/readAppDynamicDataList],methods=[GET]}" onto public com.ybkj.model.BaseModel com.ybkj.gun.controller.AppDynamicDataController.readAppDynamicDataList(java.lang.Integer,java.lang.Integer,java.lang.String)
[2019-05-10 11:09:15.178][main][INFO][org.springframework.web.servlet.handler.AbstractHandlerMethodMapping$MappingRegistry][543]:Mapped "{[/appGun/readOffNormalGun],methods=[GET]}" onto public com.ybkj.model.BaseModel com.ybkj.gun.controller.AppGunController.readOffNormalGun(java.lang.Integer,java.lang.Integer,java.lang.String)
[2019-05-10 11:09:15.178][main][INFO][org.springframework.web.servlet.handler.AbstractHandlerMethodMapping$MappingRegistry][543]:Mapped "{[/appGun/readOffNormalGun],methods=[GET]}" onto public com.ybkj.model.BaseModel com.ybkj.gun.controller.AppGunController.readOffNormalGun(java.lang.Integer,java.lang.Integer,java.lang.String)
[2019-05-10 11:09:15.179][main][INFO][org.springframework.web.servlet.handler.AbstractHandlerMethodMapping$MappingRegistry][543]:Mapped "{[/appGun/createAppGun],methods=[POST]}" onto public com.ybkj.model.BaseModel com.ybkj.gun.controller.AppGunController.createAppGun(java.lang.String,java.lang.String,java.lang.Integer)
[2019-05-10 11:09:15.179][main][INFO][org.springframework.web.servlet.handler.AbstractHandlerMethodMapping$MappingRegistry][543]:Mapped "{[/appGun/createAppGun],methods=[POST]}" onto public com.ybkj.model.BaseModel com.ybkj.gun.controller.AppGunController.createAppGun(java.lang.String,java.lang.String,java.lang.Integer)
[2019-05-10 11:09:15.180][main][INFO][org.springframework.web.servlet.handler.AbstractHandlerMethodMapping$MappingRegistry][543]:Mapped "{[/appGun/readOnLineApp],methods=[GET]}" onto public com.ybkj.model.BaseModel com.ybkj.gun.controller.AppGunController.readOnLineApp(java.lang.Integer,java.lang.Integer,java.lang.String)
[2019-05-10 11:09:15.180][main][INFO][org.springframework.web.servlet.handler.AbstractHandlerMethodMapping$MappingRegistry][543]:Mapped "{[/appGun/readOnLineApp],methods=[GET]}" onto public com.ybkj.model.BaseModel com.ybkj.gun.controller.AppGunController.readOnLineApp(java.lang.Integer,java.lang.Integer,java.lang.String)
[2019-05-10 11:09:15.180][main][INFO][org.springframework.web.servlet.handler.AbstractHandlerMethodMapping$MappingRegistry][543]:Mapped "{[/appGun/readAppGunBinding],methods=[GET]}" onto public com.ybkj.model.BaseModel com.ybkj.gun.controller.AppGunController.readAppGunBinding(java.lang.Integer,java.lang.Integer,java.lang.String)
[2019-05-10 11:09:15.180][main][INFO][org.springframework.web.servlet.handler.AbstractHandlerMethodMapping$MappingRegistry][543]:Mapped "{[/appGun/readAppGunBinding],methods=[GET]}" onto public com.ybkj.model.BaseModel com.ybkj.gun.controller.AppGunController.readAppGunBinding(java.lang.Integer,java.lang.Integer,java.lang.String)
[2019-05-10 11:09:15.181][main][INFO][org.springframework.web.servlet.handler.AbstractHandlerMethodMapping$MappingRegistry][543]:Mapped "{[/appGun/readOffNormalGunCount],methods=[GET]}" onto public com.ybkj.model.BaseModel com.ybkj.gun.controller.AppGunController.readOffNormalGunCount()
[2019-05-10 11:09:15.181][main][INFO][org.springframework.web.servlet.handler.AbstractHandlerMethodMapping$MappingRegistry][543]:Mapped "{[/appGun/readOffNormalGunCount],methods=[GET]}" onto public com.ybkj.model.BaseModel com.ybkj.gun.controller.AppGunController.readOffNormalGunCount()
[2019-05-10 11:09:15.181][main][INFO][org.springframework.web.servlet.handler.AbstractHandlerMethodMapping$MappingRegistry][543]:Mapped "{[/appGun/readOnLineAppCount],methods=[GET]}" onto public com.ybkj.model.BaseModel com.ybkj.gun.controller.AppGunController.readOnLineAppCount()
[2019-05-10 11:09:15.181][main][INFO][org.springframework.web.servlet.handler.AbstractHandlerMethodMapping$MappingRegistry][543]:Mapped "{[/appGun/readOnLineAppCount],methods=[GET]}" onto public com.ybkj.model.BaseModel com.ybkj.gun.controller.AppGunController.readOnLineAppCount()
[2019-05-10 11:09:15.182][main][INFO][org.springframework.web.servlet.handler.AbstractHandlerMethodMapping$MappingRegistry][543]:Mapped "{[/appGunUser/readAppGunUserList],methods=[GET]}" onto public com.ybkj.model.BaseModel com.ybkj.gun.controller.AppGunUserController.readAppGunUserList()
[2019-05-10 11:09:15.182][main][INFO][org.springframework.web.servlet.handler.AbstractHandlerMethodMapping$MappingRegistry][543]:Mapped "{[/appGunUser/readAppGunUserList],methods=[GET]}" onto public com.ybkj.model.BaseModel com.ybkj.gun.controller.AppGunUserController.readAppGunUserList()
[2019-05-10 11:09:15.183][main][INFO][org.springframework.web.servlet.handler.AbstractHandlerMethodMapping$MappingRegistry][543]:Mapped "{[/gun/createGun],methods=[POST]}" onto public com.ybkj.model.BaseModel com.ybkj.gun.controller.GunController.createGun(com.ybkj.gun.model.Gun) throws java.lang.Exception
[2019-05-10 11:09:15.183][main][INFO][org.springframework.web.servlet.handler.AbstractHandlerMethodMapping$MappingRegistry][543]:Mapped "{[/gun/createGun],methods=[POST]}" onto public com.ybkj.model.BaseModel com.ybkj.gun.controller.GunController.createGun(com.ybkj.gun.model.Gun) throws java.lang.Exception
[2019-05-10 11:09:15.184][main][INFO][org.springframework.web.servlet.handler.AbstractHandlerMethodMapping$MappingRegistry][543]:Mapped "{[/gun/deleteGun],methods=[DELETE]}" onto public com.ybkj.model.BaseModel com.ybkj.gun.controller.GunController.deleteGun(java.lang.String,java.lang.Integer)
[2019-05-10 11:09:15.184][main][INFO][org.springframework.web.servlet.handler.AbstractHandlerMethodMapping$MappingRegistry][543]:Mapped "{[/gun/deleteGun],methods=[DELETE]}" onto public com.ybkj.model.BaseModel com.ybkj.gun.controller.GunController.deleteGun(java.lang.String,java.lang.Integer)
[2019-05-10 11:09:15.184][main][INFO][org.springframework.web.servlet.handler.AbstractHandlerMethodMapping$MappingRegistry][543]:Mapped "{[/gun/updateGun],methods=[PUT]}" onto public com.ybkj.model.BaseModel com.ybkj.gun.controller.GunController.updateGun(com.ybkj.gun.model.Gun)
[2019-05-10 11:09:15.184][main][INFO][org.springframework.web.servlet.handler.AbstractHandlerMethodMapping$MappingRegistry][543]:Mapped "{[/gun/updateGun],methods=[PUT]}" onto public com.ybkj.model.BaseModel com.ybkj.gun.controller.GunController.updateGun(com.ybkj.gun.model.Gun)
[2019-05-10 11:09:15.184][main][INFO][org.springframework.web.servlet.handler.AbstractHandlerMethodMapping$MappingRegistry][543]:Mapped "{[/gun/readGun],methods=[GET]}" onto public com.ybkj.model.BaseModel com.ybkj.gun.controller.GunController.readGun(java.lang.Integer)
[2019-05-10 11:09:15.184][main][INFO][org.springframework.web.servlet.handler.AbstractHandlerMethodMapping$MappingRegistry][543]:Mapped "{[/gun/readGun],methods=[GET]}" onto public com.ybkj.model.BaseModel com.ybkj.gun.controller.GunController.readGun(java.lang.Integer)
[2019-05-10 11:09:15.185][main][INFO][org.springframework.web.servlet.handler.AbstractHandlerMethodMapping$MappingRegistry][543]:Mapped "{[/gun/readGunList],methods=[GET]}" onto public com.ybkj.model.BaseModel com.ybkj.gun.controller.GunController.readGunList(java.lang.Integer,java.lang.Integer)
[2019-05-10 11:09:15.185][main][INFO][org.springframework.web.servlet.handler.AbstractHandlerMethodMapping$MappingRegistry][543]:Mapped "{[/gun/readGunList],methods=[GET]}" onto public com.ybkj.model.BaseModel com.ybkj.gun.controller.GunController.readGunList(java.lang.Integer,java.lang.Integer)
[2019-05-10 11:09:15.185][main][INFO][org.springframework.web.servlet.handler.AbstractHandlerMethodMapping$MappingRegistry][543]:Mapped "{[/gun/readGunsNotPreselected],methods=[GET]}" onto public com.ybkj.model.BaseModel com.ybkj.gun.controller.GunController.readGunsNotPreselected(java.lang.Integer,java.lang.Integer)
[2019-05-10 11:09:15.185][main][INFO][org.springframework.web.servlet.handler.AbstractHandlerMethodMapping$MappingRegistry][543]:Mapped "{[/gun/readGunsNotPreselected],methods=[GET]}" onto public com.ybkj.model.BaseModel com.ybkj.gun.controller.GunController.readGunsNotPreselected(java.lang.Integer,java.lang.Integer)
[2019-05-10 11:09:15.186][main][INFO][org.springframework.web.servlet.handler.AbstractHandlerMethodMapping$MappingRegistry][543]:Mapped "{[/gun/readGunsPreselected],methods=[GET]}" onto public com.ybkj.model.BaseModel com.ybkj.gun.controller.GunController.readGunsPreselected(java.lang.Integer,java.lang.Integer)
[2019-05-10 11:09:15.186][main][INFO][org.springframework.web.servlet.handler.AbstractHandlerMethodMapping$MappingRegistry][543]:Mapped "{[/gun/readGunsPreselected],methods=[GET]}" onto public com.ybkj.model.BaseModel com.ybkj.gun.controller.GunController.readGunsPreselected(java.lang.Integer,java.lang.Integer)
[2019-05-10 11:09:15.187][main][INFO][org.springframework.web.servlet.handler.AbstractHandlerMethodMapping$MappingRegistry][543]:Mapped "{[/gunLocation/readGunDynamic],methods=[GET]}" onto public com.ybkj.model.BaseModel com.ybkj.gun.controller.GunLocationController.readGunDynamic(java.lang.String,java.lang.String)
[2019-05-10 11:09:15.187][main][INFO][org.springframework.web.servlet.handler.AbstractHandlerMethodMapping$MappingRegistry][543]:Mapped "{[/gunLocation/readGunDynamic],methods=[GET]}" onto public com.ybkj.model.BaseModel com.ybkj.gun.controller.GunLocationController.readGunDynamic(java.lang.String,java.lang.String)
[2019-05-10 11:09:15.187][main][INFO][org.springframework.web.servlet.handler.AbstractHandlerMethodMapping$MappingRegistry][543]:Mapped "{[/gunLocation/readRoundDevice],methods=[GET]}" onto public com.ybkj.model.BaseModel com.ybkj.gun.controller.GunLocationController.readRoundDevice(java.lang.String,java.lang.String,java.lang.String)
[2019-05-10 11:09:15.187][main][INFO][org.springframework.web.servlet.handler.AbstractHandlerMethodMapping$MappingRegistry][543]:Mapped "{[/gunLocation/readRoundDevice],methods=[GET]}" onto public com.ybkj.model.BaseModel com.ybkj.gun.controller.GunLocationController.readRoundDevice(java.lang.String,java.lang.String,java.lang.String)
[2019-05-10 11:09:15.188][main][INFO][org.springframework.web.servlet.handler.AbstractHandlerMethodMapping$MappingRegistry][543]:Mapped "{[/gunLocation/readGunDynamicOptimize],methods=[GET]}" onto public com.ybkj.model.BaseModel com.ybkj.gun.controller.GunLocationController.readGunDynamicOptimize(java.lang.String,java.lang.String)
[2019-05-10 11:09:15.188][main][INFO][org.springframework.web.servlet.handler.AbstractHandlerMethodMapping$MappingRegistry][543]:Mapped "{[/gunLocation/readGunDynamicOptimize],methods=[GET]}" onto public com.ybkj.model.BaseModel com.ybkj.gun.controller.GunLocationController.readGunDynamicOptimize(java.lang.String,java.lang.String)
[2019-05-10 11:09:15.188][main][INFO][org.springframework.web.servlet.handler.AbstractHandlerMethodMapping$MappingRegistry][543]:Mapped "{[/gunLocation/readGunDynamicList],methods=[GET]}" onto public com.ybkj.model.BaseModel com.ybkj.gun.controller.GunLocationController.readGunDynamicList(java.lang.Integer,java.lang.Integer,java.lang.String,java.lang.String)
[2019-05-10 11:09:15.188][main][INFO][org.springframework.web.servlet.handler.AbstractHandlerMethodMapping$MappingRegistry][543]:Mapped "{[/gunLocation/readGunDynamicList],methods=[GET]}" onto public com.ybkj.model.BaseModel com.ybkj.gun.controller.GunLocationController.readGunDynamicList(java.lang.Integer,java.lang.Integer,java.lang.String,java.lang.String)
[2019-05-10 11:09:15.189][main][INFO][org.springframework.web.servlet.handler.AbstractHandlerMethodMapping$MappingRegistry][543]:Mapped "{[/gunLocation/readGunTrajectory],methods=[GET]}" onto public com.ybkj.model.BaseModel com.ybkj.gun.controller.GunLocationController.readGunTrajectory(java.lang.String,java.lang.String,java.lang.Integer,java.lang.String,java.lang.String)
[2019-05-10 11:09:15.189][main][INFO][org.springframework.web.servlet.handler.AbstractHandlerMethodMapping$MappingRegistry][543]:Mapped "{[/gunLocation/readGunTrajectory],methods=[GET]}" onto public com.ybkj.model.BaseModel com.ybkj.gun.controller.GunLocationController.readGunTrajectory(java.lang.String,java.lang.String,java.lang.Integer,java.lang.String,java.lang.String)
[2019-05-10 11:09:15.189][main][INFO][org.springframework.web.servlet.handler.AbstractHandlerMethodMapping$MappingRegistry][543]:Mapped "{[/gunLocation/readAppAndGunLocation],methods=[GET]}" onto public com.ybkj.model.BaseModel com.ybkj.gun.controller.GunLocationController.readAppAndGunLocation(java.lang.String)
[2019-05-10 11:09:15.189][main][INFO][org.springframework.web.servlet.handler.AbstractHandlerMethodMapping$MappingRegistry][543]:Mapped "{[/gunLocation/readAppAndGunLocation],methods=[GET]}" onto public com.ybkj.model.BaseModel com.ybkj.gun.controller.GunLocationController.readAppAndGunLocation(java.lang.String)
[2019-05-10 11:09:15.191][main][INFO][org.springframework.web.servlet.handler.AbstractHandlerMethodMapping$MappingRegistry][543]:Mapped "{[/gunUser/readGunUser],methods=[GET]}" onto public com.ybkj.model.BaseModel com.ybkj.gun.controller.GunUserController.readGunUser(java.lang.Integer)
[2019-05-10 11:09:15.191][main][INFO][org.springframework.web.servlet.handler.AbstractHandlerMethodMapping$MappingRegistry][543]:Mapped "{[/gunUser/readGunUser],methods=[GET]}" onto public com.ybkj.model.BaseModel com.ybkj.gun.controller.GunUserController.readGunUser(java.lang.Integer)
[2019-05-10 11:09:15.191][main][INFO][org.springframework.web.servlet.handler.AbstractHandlerMethodMapping$MappingRegistry][543]:Mapped "{[/gunUser/readGunUserNoBinding],methods=[GET]}" onto public com.ybkj.model.BaseModel com.ybkj.gun.controller.GunUserController.readGunUserNoBinding()
[2019-05-10 11:09:15.191][main][INFO][org.springframework.web.servlet.handler.AbstractHandlerMethodMapping$MappingRegistry][543]:Mapped "{[/gunUser/readGunUserNoBinding],methods=[GET]}" onto public com.ybkj.model.BaseModel com.ybkj.gun.controller.GunUserController.readGunUserNoBinding()
[2019-05-10 11:09:15.192][main][INFO][org.springframework.web.servlet.handler.AbstractHandlerMethodMapping$MappingRegistry][543]:Mapped "{[/log/readUserLogList],methods=[GET]}" onto public com.ybkj.model.BaseModel com.ybkj.gun.controller.LogController.readUserLogList(java.lang.Integer,java.lang.Integer,java.lang.String)
[2019-05-10 11:09:15.192][main][INFO][org.springframework.web.servlet.handler.AbstractHandlerMethodMapping$MappingRegistry][543]:Mapped "{[/log/readUserLogList],methods=[GET]}" onto public com.ybkj.model.BaseModel com.ybkj.gun.controller.LogController.readUserLogList(java.lang.Integer,java.lang.Integer,java.lang.String)
[2019-05-10 11:09:15.193][main][INFO][org.springframework.web.servlet.handler.AbstractHandlerMethodMapping$MappingRegistry][543]:Mapped "{[/menu/updateMenu],methods=[PUT]}" onto public com.ybkj.model.BaseModel com.ybkj.gun.controller.MenuController.updateMenu(java.lang.Integer,com.ybkj.gun.model.Menu) throws java.lang.Exception
[2019-05-10 11:09:15.193][main][INFO][org.springframework.web.servlet.handler.AbstractHandlerMethodMapping$MappingRegistry][543]:Mapped "{[/menu/updateMenu],methods=[PUT]}" onto public com.ybkj.model.BaseModel com.ybkj.gun.controller.MenuController.updateMenu(java.lang.Integer,com.ybkj.gun.model.Menu) throws java.lang.Exception
[2019-05-10 11:09:15.193][main][INFO][org.springframework.web.servlet.handler.AbstractHandlerMethodMapping$MappingRegistry][543]:Mapped "{[/menu/getMenu],methods=[GET]}" onto public com.ybkj.model.BaseModel com.ybkj.gun.controller.MenuController.getMenu(java.lang.Integer)
[2019-05-10 11:09:15.193][main][INFO][org.springframework.web.servlet.handler.AbstractHandlerMethodMapping$MappingRegistry][543]:Mapped "{[/menu/getMenu],methods=[GET]}" onto public com.ybkj.model.BaseModel com.ybkj.gun.controller.MenuController.getMenu(java.lang.Integer)
[2019-05-10 11:09:15.194][main][INFO][org.springframework.web.servlet.handler.AbstractHandlerMethodMapping$MappingRegistry][543]:Mapped "{[/menu/deleteMenu],methods=[DELETE]}" onto public com.ybkj.model.BaseModel com.ybkj.gun.controller.MenuController.deleteMenu(java.lang.Integer) throws java.lang.Exception
[2019-05-10 11:09:15.194][main][INFO][org.springframework.web.servlet.handler.AbstractHandlerMethodMapping$MappingRegistry][543]:Mapped "{[/menu/deleteMenu],methods=[DELETE]}" onto public com.ybkj.model.BaseModel com.ybkj.gun.controller.MenuController.deleteMenu(java.lang.Integer) throws java.lang.Exception
[2019-05-10 11:09:15.194][main][INFO][org.springframework.web.servlet.handler.AbstractHandlerMethodMapping$MappingRegistry][543]:Mapped "{[/menu/insertMenu],methods=[POST]}" onto public com.ybkj.model.BaseModel com.ybkj.gun.controller.MenuController.insertMenu(com.ybkj.gun.model.Menu) throws java.lang.Exception
[2019-05-10 11:09:15.194][main][INFO][org.springframework.web.servlet.handler.AbstractHandlerMethodMapping$MappingRegistry][543]:Mapped "{[/menu/insertMenu],methods=[POST]}" onto public com.ybkj.model.BaseModel com.ybkj.gun.controller.MenuController.insertMenu(com.ybkj.gun.model.Menu) throws java.lang.Exception
[2019-05-10 11:09:15.196][main][INFO][org.springframework.web.servlet.handler.AbstractHandlerMethodMapping$MappingRegistry][543]:Mapped "{[/menu/getMenuList],methods=[GET]}" onto public com.ybkj.model.BaseModel com.ybkj.gun.controller.MenuController.getMenuList(java.lang.Integer,java.lang.Integer)
[2019-05-10 11:09:15.196][main][INFO][org.springframework.web.servlet.handler.AbstractHandlerMethodMapping$MappingRegistry][543]:Mapped "{[/menu/getMenuList],methods=[GET]}" onto public com.ybkj.model.BaseModel com.ybkj.gun.controller.MenuController.getMenuList(java.lang.Integer,java.lang.Integer)
[2019-05-10 11:09:15.197][main][INFO][org.springframework.web.servlet.handler.AbstractHandlerMethodMapping$MappingRegistry][543]:Mapped "{[/mission/readMission],methods=[GET]}" onto public com.ybkj.model.BaseModel com.ybkj.gun.controller.MissionController.readMission(java.lang.Integer,java.lang.Integer,java.lang.String)
[2019-05-10 11:09:15.197][main][INFO][org.springframework.web.servlet.handler.AbstractHandlerMethodMapping$MappingRegistry][543]:Mapped "{[/mission/readMission],methods=[GET]}" onto public com.ybkj.model.BaseModel com.ybkj.gun.controller.MissionController.readMission(java.lang.Integer,java.lang.Integer,java.lang.String)
[2019-05-10 11:09:15.198][main][INFO][org.springframework.web.servlet.handler.AbstractHandlerMethodMapping$MappingRegistry][543]:Mapped "{[/mission/restartMission],methods=[PUT]}" onto public com.ybkj.model.BaseModel com.ybkj.gun.controller.MissionController.restartMission(java.lang.String,java.lang.String)
[2019-05-10 11:09:15.198][main][INFO][org.springframework.web.servlet.handler.AbstractHandlerMethodMapping$MappingRegistry][543]:Mapped "{[/mission/restartMission],methods=[PUT]}" onto public com.ybkj.model.BaseModel com.ybkj.gun.controller.MissionController.restartMission(java.lang.String,java.lang.String)
[2019-05-10 11:09:15.199][main][INFO][org.springframework.web.servlet.handler.AbstractHandlerMethodMapping$MappingRegistry][543]:Mapped "{[/role/updateRole],methods=[PUT]}" onto public com.ybkj.model.BaseModel com.ybkj.gun.controller.RoleController.updateRole(java.lang.String,com.ybkj.gun.model.Role)
[2019-05-10 11:09:15.199][main][INFO][org.springframework.web.servlet.handler.AbstractHandlerMethodMapping$MappingRegistry][543]:Mapped "{[/role/updateRole],methods=[PUT]}" onto public com.ybkj.model.BaseModel com.ybkj.gun.controller.RoleController.updateRole(java.lang.String,com.ybkj.gun.model.Role)
[2019-05-10 11:09:15.199][main][INFO][org.springframework.web.servlet.handler.AbstractHandlerMethodMapping$MappingRegistry][543]:Mapped "{[/role/deleteRole],methods=[DELETE]}" onto public com.ybkj.model.BaseModel com.ybkj.gun.controller.RoleController.deleteRole(java.lang.Integer)
[2019-05-10 11:09:15.199][main][INFO][org.springframework.web.servlet.handler.AbstractHandlerMethodMapping$MappingRegistry][543]:Mapped "{[/role/deleteRole],methods=[DELETE]}" onto public com.ybkj.model.BaseModel com.ybkj.gun.controller.RoleController.deleteRole(java.lang.Integer)
[2019-05-10 11:09:15.199][main][INFO][org.springframework.web.servlet.handler.AbstractHandlerMethodMapping$MappingRegistry][543]:Mapped "{[/role/insertRole],methods=[POST]}" onto public com.ybkj.model.BaseModel com.ybkj.gun.controller.RoleController.insertRole(java.lang.String,com.ybkj.gun.model.Role)
[2019-05-10 11:09:15.199][main][INFO][org.springframework.web.servlet.handler.AbstractHandlerMethodMapping$MappingRegistry][543]:Mapped "{[/role/insertRole],methods=[POST]}" onto public com.ybkj.model.BaseModel com.ybkj.gun.controller.RoleController.insertRole(java.lang.String,com.ybkj.gun.model.Role)
[2019-05-10 11:09:15.200][main][INFO][org.springframework.web.servlet.handler.AbstractHandlerMethodMapping$MappingRegistry][543]:Mapped "{[/role/getRole],methods=[GET]}" onto public com.ybkj.model.BaseModel com.ybkj.gun.controller.RoleController.getRoleMenu(java.lang.Integer)
[2019-05-10 11:09:15.200][main][INFO][org.springframework.web.servlet.handler.AbstractHandlerMethodMapping$MappingRegistry][543]:Mapped "{[/role/getRole],methods=[GET]}" onto public com.ybkj.model.BaseModel com.ybkj.gun.controller.RoleController.getRoleMenu(java.lang.Integer)
[2019-05-10 11:09:15.200][main][INFO][org.springframework.web.servlet.handler.AbstractHandlerMethodMapping$MappingRegistry][543]:Mapped "{[/role/getRoleList],methods=[GET]}" onto public com.ybkj.model.BaseModel com.ybkj.gun.controller.RoleController.getRoleList(java.lang.Integer,java.lang.Integer)
[2019-05-10 11:09:15.200][main][INFO][org.springframework.web.servlet.handler.AbstractHandlerMethodMapping$MappingRegistry][543]:Mapped "{[/role/getRoleList],methods=[GET]}" onto public com.ybkj.model.BaseModel com.ybkj.gun.controller.RoleController.getRoleList(java.lang.Integer,java.lang.Integer)
[2019-05-10 11:09:15.201][main][INFO][org.springframework.web.servlet.handler.AbstractHandlerMethodMapping$MappingRegistry][543]:Mapped "{[/sosMessage/readSosMessageList],methods=[GET]}" onto public com.ybkj.model.BaseModel com.ybkj.gun.controller.SosMessageController.readSosMessageList(java.lang.Integer,java.lang.Integer,java.lang.String,java.lang.String)
[2019-05-10 11:09:15.201][main][INFO][org.springframework.web.servlet.handler.AbstractHandlerMethodMapping$MappingRegistry][543]:Mapped "{[/sosMessage/readSosMessageList],methods=[GET]}" onto public com.ybkj.model.BaseModel com.ybkj.gun.controller.SosMessageController.readSosMessageList(java.lang.Integer,java.lang.Integer,java.lang.String,java.lang.String)
[2019-05-10 11:09:15.201][main][INFO][org.springframework.web.servlet.handler.AbstractHandlerMethodMapping$MappingRegistry][543]:Mapped "{[/sosMessage/createForHelpGun],methods=[POST]}" onto public com.ybkj.model.BaseModel com.ybkj.gun.controller.SosMessageController.createForHelpGun(java.lang.String,java.lang.Integer,java.lang.Integer)
[2019-05-10 11:09:15.201][main][INFO][org.springframework.web.servlet.handler.AbstractHandlerMethodMapping$MappingRegistry][543]:Mapped "{[/sosMessage/createForHelpGun],methods=[POST]}" onto public com.ybkj.model.BaseModel com.ybkj.gun.controller.SosMessageController.createForHelpGun(java.lang.String,java.lang.Integer,java.lang.Integer)
[2019-05-10 11:09:15.203][main][INFO][org.springframework.web.servlet.handler.AbstractHandlerMethodMapping$MappingRegistry][543]:Mapped "{[/warehouse/getMenuList],methods=[GET]}" onto public com.ybkj.model.BaseModel com.ybkj.gun.controller.WareHouseController.readWareHouseList(java.lang.Integer,java.lang.Integer)
[2019-05-10 11:09:15.203][main][INFO][org.springframework.web.servlet.handler.AbstractHandlerMethodMapping$MappingRegistry][543]:Mapped "{[/warehouse/getMenuList],methods=[GET]}" onto public com.ybkj.model.BaseModel com.ybkj.gun.controller.WareHouseController.readWareHouseList(java.lang.Integer,java.lang.Integer)
[2019-05-10 11:09:15.204][main][INFO][org.springframework.web.servlet.handler.AbstractHandlerMethodMapping$MappingRegistry][543]:Mapped "{[/warehouse/deleteWareHouse],methods=[DELETE]}" onto public com.ybkj.model.BaseModel com.ybkj.gun.controller.WareHouseController.deleteWareHouse(java.lang.String)
[2019-05-10 11:09:15.204][main][INFO][org.springframework.web.servlet.handler.AbstractHandlerMethodMapping$MappingRegistry][543]:Mapped "{[/warehouse/deleteWareHouse],methods=[DELETE]}" onto public com.ybkj.model.BaseModel com.ybkj.gun.controller.WareHouseController.deleteWareHouse(java.lang.String)
[2019-05-10 11:09:15.204][main][INFO][org.springframework.web.servlet.handler.AbstractHandlerMethodMapping$MappingRegistry][543]:Mapped "{[/warehouse/createWareHouse],methods=[POST]}" onto public com.ybkj.model.BaseModel com.ybkj.gun.controller.WareHouseController.createWareHouse(com.ybkj.gun.model.Warehouse) throws java.lang.Exception
[2019-05-10 11:09:15.204][main][INFO][org.springframework.web.servlet.handler.AbstractHandlerMethodMapping$MappingRegistry][543]:Mapped "{[/warehouse/createWareHouse],methods=[POST]}" onto public com.ybkj.model.BaseModel com.ybkj.gun.controller.WareHouseController.createWareHouse(com.ybkj.gun.model.Warehouse) throws java.lang.Exception
[2019-05-10 11:09:15.205][main][INFO][org.springframework.web.servlet.handler.AbstractHandlerMethodMapping$MappingRegistry][543]:Mapped "{[/warehouse/updateWareHouse],methods=[PUT]}" onto public com.ybkj.model.BaseModel com.ybkj.gun.controller.WareHouseController.updateWareHouse(com.ybkj.gun.model.Warehouse)
[2019-05-10 11:09:15.205][main][INFO][org.springframework.web.servlet.handler.AbstractHandlerMethodMapping$MappingRegistry][543]:Mapped "{[/warehouse/updateWareHouse],methods=[PUT]}" onto public com.ybkj.model.BaseModel com.ybkj.gun.controller.WareHouseController.updateWareHouse(com.ybkj.gun.model.Warehouse)
[2019-05-10 11:09:15.205][main][INFO][org.springframework.web.servlet.handler.AbstractHandlerMethodMapping$MappingRegistry][543]:Mapped "{[/warehouse/readWareHouse],methods=[GET]}" onto public com.ybkj.model.BaseModel com.ybkj.gun.controller.WareHouseController.readWareHouse(java.lang.Integer)
[2019-05-10 11:09:15.205][main][INFO][org.springframework.web.servlet.handler.AbstractHandlerMethodMapping$MappingRegistry][543]:Mapped "{[/warehouse/readWareHouse],methods=[GET]}" onto public com.ybkj.model.BaseModel com.ybkj.gun.controller.WareHouseController.readWareHouse(java.lang.Integer)
[2019-05-10 11:09:15.207][main][INFO][org.springframework.web.servlet.handler.AbstractHandlerMethodMapping$MappingRegistry][543]:Mapped "{[/wareHouseRecords/endWareHouseRecordsDelivery],methods=[PUT]}" onto public com.ybkj.model.BaseModel com.ybkj.gun.controller.WareHouseRecordsController.endWareHouseRecordsDelivery(java.lang.Integer,java.lang.String,java.lang.String,java.lang.String,java.lang.String)
[2019-05-10 11:09:15.207][main][INFO][org.springframework.web.servlet.handler.AbstractHandlerMethodMapping$MappingRegistry][543]:Mapped "{[/wareHouseRecords/endWareHouseRecordsDelivery],methods=[PUT]}" onto public com.ybkj.model.BaseModel com.ybkj.gun.controller.WareHouseRecordsController.endWareHouseRecordsDelivery(java.lang.Integer,java.lang.String,java.lang.String,java.lang.String,java.lang.String)
[2019-05-10 11:09:15.207][main][INFO][org.springframework.web.servlet.handler.AbstractHandlerMethodMapping$MappingRegistry][543]:Mapped "{[/wareHouseRecords/readWareHouseRecords],methods=[GET]}" onto public com.ybkj.model.BaseModel com.ybkj.gun.controller.WareHouseRecordsController.readWareHouseRecords(java.lang.Integer,java.lang.Integer,java.lang.Integer) throws java.lang.Exception
[2019-05-10 11:09:15.207][main][INFO][org.springframework.web.servlet.handler.AbstractHandlerMethodMapping$MappingRegistry][543]:Mapped "{[/wareHouseRecords/readWareHouseRecords],methods=[GET]}" onto public com.ybkj.model.BaseModel com.ybkj.gun.controller.WareHouseRecordsController.readWareHouseRecords(java.lang.Integer,java.lang.Integer,java.lang.Integer) throws java.lang.Exception
[2019-05-10 11:09:15.208][main][INFO][org.springframework.web.servlet.handler.AbstractHandlerMethodMapping$MappingRegistry][543]:Mapped "{[/wareHouseRecords/theProjectileBase],methods=[GET]}" onto public com.ybkj.model.BaseModel com.ybkj.gun.controller.WareHouseRecordsController.theProjectileBase(java.lang.Integer,java.lang.String) throws java.lang.Exception
[2019-05-10 11:09:15.208][main][INFO][org.springframework.web.servlet.handler.AbstractHandlerMethodMapping$MappingRegistry][543]:Mapped "{[/wareHouseRecords/theProjectileBase],methods=[GET]}" onto public com.ybkj.model.BaseModel com.ybkj.gun.controller.WareHouseRecordsController.theProjectileBase(java.lang.Integer,java.lang.String) throws java.lang.Exception
[2019-05-10 11:09:15.208][main][INFO][org.springframework.web.servlet.handler.AbstractHandlerMethodMapping$MappingRegistry][543]:Mapped "{[/wareHouseRecords/readWareHouseRecordsByDelivery],methods=[GET]}" onto public com.ybkj.model.BaseModel com.ybkj.gun.controller.WareHouseRecordsController.readWareHouseRecordsByDelivery(java.lang.Integer,java.lang.Integer)
[2019-05-10 11:09:15.208][main][INFO][org.springframework.web.servlet.handler.AbstractHandlerMethodMapping$MappingRegistry][543]:Mapped "{[/wareHouseRecords/readWareHouseRecordsByDelivery],methods=[GET]}" onto public com.ybkj.model.BaseModel com.ybkj.gun.controller.WareHouseRecordsController.readWareHouseRecordsByDelivery(java.lang.Integer,java.lang.Integer)
[2019-05-10 11:09:15.209][main][INFO][org.springframework.web.servlet.handler.AbstractHandlerMethodMapping$MappingRegistry][543]:Mapped "{[/wareHouseRecords/createWareHouseRecordsBeforehandDelivery],methods=[POST]}" onto public com.ybkj.model.BaseModel com.ybkj.gun.controller.WareHouseRecordsController.createWareHouseRecordsBeforehandDelivery(java.lang.String,java.lang.String,java.lang.Integer)
[2019-05-10 11:09:15.209][main][INFO][org.springframework.web.servlet.handler.AbstractHandlerMethodMapping$MappingRegistry][543]:Mapped "{[/wareHouseRecords/createWareHouseRecordsBeforehandDelivery],methods=[POST]}" onto public com.ybkj.model.BaseModel com.ybkj.gun.controller.WareHouseRecordsController.createWareHouseRecordsBeforehandDelivery(java.lang.String,java.lang.String,java.lang.Integer)
[2019-05-10 11:09:15.209][main][INFO][org.springframework.web.servlet.handler.AbstractHandlerMethodMapping$MappingRegistry][543]:Mapped "{[/wareHouseRecords/createDeviceBindingGunsBeforehandDelivery],methods=[POST]}" onto public com.ybkj.model.BaseModel com.ybkj.gun.controller.WareHouseRecordsController.createDeviceBindingGunsBeforehandDelivery(java.lang.String,java.lang.String,java.lang.String)
[2019-05-10 11:09:15.209][main][INFO][org.springframework.web.servlet.handler.AbstractHandlerMethodMapping$MappingRegistry][543]:Mapped "{[/wareHouseRecords/createDeviceBindingGunsBeforehandDelivery],methods=[POST]}" onto public com.ybkj.model.BaseModel com.ybkj.gun.controller.WareHouseRecordsController.createDeviceBindingGunsBeforehandDelivery(java.lang.String,java.lang.String,java.lang.String)
[2019-05-10 11:09:15.209][main][INFO][org.springframework.web.servlet.handler.AbstractHandlerMethodMapping$MappingRegistry][543]:Mapped "{[/wareHouseRecords/revocationWareHouseRecordsDelivery_2],methods=[DELETE]}" onto public com.ybkj.model.BaseModel com.ybkj.gun.controller.WareHouseRecordsController.revocationWareHouseRecordsDelivery_2(java.lang.Integer)
[2019-05-10 11:09:15.209][main][INFO][org.springframework.web.servlet.handler.AbstractHandlerMethodMapping$MappingRegistry][543]:Mapped "{[/wareHouseRecords/revocationWareHouseRecordsDelivery_2],methods=[DELETE]}" onto public com.ybkj.model.BaseModel com.ybkj.gun.controller.WareHouseRecordsController.revocationWareHouseRecordsDelivery_2(java.lang.Integer)
[2019-05-10 11:09:15.210][main][INFO][org.springframework.web.servlet.handler.AbstractHandlerMethodMapping$MappingRegistry][543]:Mapped "{[/wareHouseRecords/revocationWareHouseRecordsDelivery],methods=[DELETE]}" onto public com.ybkj.model.BaseModel com.ybkj.gun.controller.WareHouseRecordsController.revocationWareHouseRecordsDelivery(java.lang.String,java.lang.Integer)
[2019-05-10 11:09:15.210][main][INFO][org.springframework.web.servlet.handler.AbstractHandlerMethodMapping$MappingRegistry][543]:Mapped "{[/wareHouseRecords/revocationWareHouseRecordsDelivery],methods=[DELETE]}" onto public com.ybkj.model.BaseModel com.ybkj.gun.controller.WareHouseRecordsController.revocationWareHouseRecordsDelivery(java.lang.String,java.lang.Integer)
[2019-05-10 11:09:15.210][main][INFO][org.springframework.web.servlet.handler.AbstractHandlerMethodMapping$MappingRegistry][543]:Mapped "{[/wareHouseRecords/createWareHouseRecordsBeforehandStorage],methods=[POST]}" onto public com.ybkj.model.BaseModel com.ybkj.gun.controller.WareHouseRecordsController.createWareHouseRecordsBeforehandStorage(java.lang.String,java.lang.String)
[2019-05-10 11:09:15.210][main][INFO][org.springframework.web.servlet.handler.AbstractHandlerMethodMapping$MappingRegistry][543]:Mapped "{[/wareHouseRecords/createWareHouseRecordsBeforehandStorage],methods=[POST]}" onto public com.ybkj.model.BaseModel com.ybkj.gun.controller.WareHouseRecordsController.createWareHouseRecordsBeforehandStorage(java.lang.String,java.lang.String)
[2019-05-10 11:09:15.210][main][INFO][org.springframework.web.servlet.handler.AbstractHandlerMethodMapping$MappingRegistry][543]:Mapped "{[/wareHouseRecords/revocationWareHouseRecordsStorage],methods=[DELETE]}" onto public com.ybkj.model.BaseModel com.ybkj.gun.controller.WareHouseRecordsController.revocationWareHouseRecordsStorage(java.lang.String,java.lang.String,java.lang.String)
[2019-05-10 11:09:15.210][main][INFO][org.springframework.web.servlet.handler.AbstractHandlerMethodMapping$MappingRegistry][543]:Mapped "{[/wareHouseRecords/revocationWareHouseRecordsStorage],methods=[DELETE]}" onto public com.ybkj.model.BaseModel com.ybkj.gun.controller.WareHouseRecordsController.revocationWareHouseRecordsStorage(java.lang.String,java.lang.String,java.lang.String)
[2019-05-10 11:09:15.212][main][INFO][org.springframework.web.servlet.handler.AbstractHandlerMethodMapping$MappingRegistry][543]:Mapped "{[/webUser/loginWeb],methods=[POST]}" onto public com.ybkj.model.BaseModel com.ybkj.gun.controller.WebUserController.loginWeb(com.ybkj.common.entity.WebUserDTO,boolean,org.apache.catalina.servlet4preview.http.HttpServletRequest,javax.servlet.http.HttpServletResponse) throws java.lang.Exception
[2019-05-10 11:09:15.212][main][INFO][org.springframework.web.servlet.handler.AbstractHandlerMethodMapping$MappingRegistry][543]:Mapped "{[/webUser/loginWeb],methods=[POST]}" onto public com.ybkj.model.BaseModel com.ybkj.gun.controller.WebUserController.loginWeb(com.ybkj.common.entity.WebUserDTO,boolean,org.apache.catalina.servlet4preview.http.HttpServletRequest,javax.servlet.http.HttpServletResponse) throws java.lang.Exception
[2019-05-10 11:09:15.212][main][INFO][org.springframework.web.servlet.handler.AbstractHandlerMethodMapping$MappingRegistry][543]:Mapped "{[/webUser/loginOut],methods=[POST]}" onto public com.ybkj.model.BaseModel com.ybkj.gun.controller.WebUserController.loginOut(org.apache.catalina.servlet4preview.http.HttpServletRequest,javax.servlet.http.HttpServletResponse)
[2019-05-10 11:09:15.212][main][INFO][org.springframework.web.servlet.handler.AbstractHandlerMethodMapping$MappingRegistry][543]:Mapped "{[/webUser/loginOut],methods=[POST]}" onto public com.ybkj.model.BaseModel com.ybkj.gun.controller.WebUserController.loginOut(org.apache.catalina.servlet4preview.http.HttpServletRequest,javax.servlet.http.HttpServletResponse)
[2019-05-10 11:09:15.216][main][INFO][org.springframework.web.servlet.handler.AbstractHandlerMethodMapping$MappingRegistry][543]:Mapped "{[/v2/api-docs],methods=[GET],produces=[application/json || application/hal+json]}" onto public org.springframework.http.ResponseEntity<springfox.documentation.spring.web.json.Json> springfox.documentation.swagger2.web.Swagger2Controller.getDocumentation(java.lang.String,javax.servlet.http.HttpServletRequest)
[2019-05-10 11:09:15.216][main][INFO][org.springframework.web.servlet.handler.AbstractHandlerMethodMapping$MappingRegistry][543]:Mapped "{[/v2/api-docs],methods=[GET],produces=[application/json || application/hal+json]}" onto public org.springframework.http.ResponseEntity<springfox.documentation.spring.web.json.Json> springfox.documentation.swagger2.web.Swagger2Controller.getDocumentation(java.lang.String,javax.servlet.http.HttpServletRequest)
[2019-05-10 11:09:15.221][main][INFO][org.springframework.web.servlet.handler.AbstractHandlerMethodMapping$MappingRegistry][543]:Mapped "{[/swagger-resources/configuration/ui]}" onto org.springframework.http.ResponseEntity<springfox.documentation.swagger.web.UiConfiguration> springfox.documentation.swagger.web.ApiResourceController.uiConfiguration()
[2019-05-10 11:09:15.221][main][INFO][org.springframework.web.servlet.handler.AbstractHandlerMethodMapping$MappingRegistry][543]:Mapped "{[/swagger-resources/configuration/ui]}" onto org.springframework.http.ResponseEntity<springfox.documentation.swagger.web.UiConfiguration> springfox.documentation.swagger.web.ApiResourceController.uiConfiguration()
[2019-05-10 11:09:15.222][main][INFO][org.springframework.web.servlet.handler.AbstractHandlerMethodMapping$MappingRegistry][543]:Mapped "{[/swagger-resources]}" onto org.springframework.http.ResponseEntity<java.util.List<springfox.documentation.swagger.web.SwaggerResource>> springfox.documentation.swagger.web.ApiResourceController.swaggerResources()
[2019-05-10 11:09:15.222][main][INFO][org.springframework.web.servlet.handler.AbstractHandlerMethodMapping$MappingRegistry][543]:Mapped "{[/swagger-resources]}" onto org.springframework.http.ResponseEntity<java.util.List<springfox.documentation.swagger.web.SwaggerResource>> springfox.documentation.swagger.web.ApiResourceController.swaggerResources()
[2019-05-10 11:09:15.223][main][INFO][org.springframework.web.servlet.handler.AbstractHandlerMethodMapping$MappingRegistry][543]:Mapped "{[/swagger-resources/configuration/security]}" onto org.springframework.http.ResponseEntity<springfox.documentation.swagger.web.SecurityConfiguration> springfox.documentation.swagger.web.ApiResourceController.securityConfiguration()
[2019-05-10 11:09:15.223][main][INFO][org.springframework.web.servlet.handler.AbstractHandlerMethodMapping$MappingRegistry][543]:Mapped "{[/swagger-resources/configuration/security]}" onto org.springframework.http.ResponseEntity<springfox.documentation.swagger.web.SecurityConfiguration> springfox.documentation.swagger.web.ApiResourceController.securityConfiguration()
[2019-05-10 11:09:15.227][main][INFO][org.springframework.web.servlet.handler.AbstractHandlerMethodMapping$MappingRegistry][543]:Mapped "{[/error]}" onto public org.springframework.http.ResponseEntity<java.util.Map<java.lang.String, java.lang.Object>> org.springframework.boot.autoconfigure.web.BasicErrorController.error(javax.servlet.http.HttpServletRequest)
[2019-05-10 11:09:15.227][main][INFO][org.springframework.web.servlet.handler.AbstractHandlerMethodMapping$MappingRegistry][543]:Mapped "{[/error]}" onto public org.springframework.http.ResponseEntity<java.util.Map<java.lang.String, java.lang.Object>> org.springframework.boot.autoconfigure.web.BasicErrorController.error(javax.servlet.http.HttpServletRequest)
[2019-05-10 11:09:15.228][main][INFO][org.springframework.web.servlet.handler.AbstractHandlerMethodMapping$MappingRegistry][543]:Mapped "{[/error],produces=[text/html]}" onto public org.springframework.web.servlet.ModelAndView org.springframework.boot.autoconfigure.web.BasicErrorController.errorHtml(javax.servlet.http.HttpServletRequest,javax.servlet.http.HttpServletResponse)
[2019-05-10 11:09:15.228][main][INFO][org.springframework.web.servlet.handler.AbstractHandlerMethodMapping$MappingRegistry][543]:Mapped "{[/error],produces=[text/html]}" onto public org.springframework.web.servlet.ModelAndView org.springframework.boot.autoconfigure.web.BasicErrorController.errorHtml(javax.servlet.http.HttpServletRequest,javax.servlet.http.HttpServletResponse)
[2019-05-10 11:09:16.252][main][INFO][org.springframework.web.servlet.mvc.method.annotation.RequestMappingHandlerAdapter][534]:Looking for @ControllerAdvice: org.springframework.boot.context.embedded.AnnotationConfigEmbeddedWebApplicationContext@59252cb6: startup date [Fri May 10 11:09:01 CST 2019]; root of context hierarchy
[2019-05-10 11:09:16.252][main][INFO][org.springframework.web.servlet.mvc.method.annotation.RequestMappingHandlerAdapter][534]:Looking for @ControllerAdvice: org.springframework.boot.context.embedded.AnnotationConfigEmbeddedWebApplicationContext@59252cb6: startup date [Fri May 10 11:09:01 CST 2019]; root of context hierarchy
[2019-05-10 11:09:16.453][main][INFO][org.springframework.web.servlet.handler.AbstractUrlHandlerMapping][362]:Mapped URL path [/static/**] onto handler of type [class org.springframework.web.servlet.resource.ResourceHttpRequestHandler]
[2019-05-10 11:09:16.453][main][INFO][org.springframework.web.servlet.handler.AbstractUrlHandlerMapping][362]:Mapped URL path [/static/**] onto handler of type [class org.springframework.web.servlet.resource.ResourceHttpRequestHandler]
[2019-05-10 11:09:16.453][main][INFO][org.springframework.web.servlet.handler.AbstractUrlHandlerMapping][362]:Mapped URL path [/swagger-ui.html] onto handler of type [class org.springframework.web.servlet.resource.ResourceHttpRequestHandler]
[2019-05-10 11:09:16.453][main][INFO][org.springframework.web.servlet.handler.AbstractUrlHandlerMapping][362]:Mapped URL path [/swagger-ui.html] onto handler of type [class org.springframework.web.servlet.resource.ResourceHttpRequestHandler]
[2019-05-10 11:09:16.454][main][INFO][org.springframework.web.servlet.handler.AbstractUrlHandlerMapping][362]:Mapped URL path [/webjars/**] onto handler of type [class org.springframework.web.servlet.resource.ResourceHttpRequestHandler]
[2019-05-10 11:09:16.454][main][INFO][org.springframework.web.servlet.handler.AbstractUrlHandlerMapping][362]:Mapped URL path [/webjars/**] onto handler of type [class org.springframework.web.servlet.resource.ResourceHttpRequestHandler]
[2019-05-10 11:09:16.454][main][INFO][org.springframework.web.servlet.handler.AbstractUrlHandlerMapping][362]:Mapped URL path [/**] onto handler of type [class org.springframework.web.servlet.resource.ResourceHttpRequestHandler]
[2019-05-10 11:09:16.454][main][INFO][org.springframework.web.servlet.handler.AbstractUrlHandlerMapping][362]:Mapped URL path [/**] onto handler of type [class org.springframework.web.servlet.resource.ResourceHttpRequestHandler]
[2019-05-10 11:09:16.618][main][INFO][org.springframework.web.servlet.handler.AbstractUrlHandlerMapping][362]:Mapped URL path [/**/favicon.ico] onto handler of type [class org.springframework.web.servlet.resource.ResourceHttpRequestHandler]
[2019-05-10 11:09:16.618][main][INFO][org.springframework.web.servlet.handler.AbstractUrlHandlerMapping][362]:Mapped URL path [/**/favicon.ico] onto handler of type [class org.springframework.web.servlet.resource.ResourceHttpRequestHandler]
[2019-05-10 11:09:16.835][main][WARN][org.springframework.boot.autoconfigure.thymeleaf.AbstractTemplateResolverConfiguration][60]:Cannot find template location: classpath:/templates/ (please add some templates or check your Thymeleaf configuration)
[2019-05-10 11:09:16.835][main][WARN][org.springframework.boot.autoconfigure.thymeleaf.AbstractTemplateResolverConfiguration][60]:Cannot find template location: classpath:/templates/ (please add some templates or check your Thymeleaf configuration)
[2019-05-10 11:09:18.624][main][INFO][org.springframework.jmx.export.MBeanExporter][431]:Registering beans for JMX exposure on startup
[2019-05-10 11:09:18.624][main][INFO][org.springframework.jmx.export.MBeanExporter][431]:Registering beans for JMX exposure on startup
[2019-05-10 11:09:18.644][main][INFO][org.springframework.context.support.DefaultLifecycleProcessor$LifecycleGroup][343]:Starting beans in phase 2147483647
[2019-05-10 11:09:18.644][main][INFO][org.springframework.context.support.DefaultLifecycleProcessor$LifecycleGroup][343]:Starting beans in phase 2147483647
[2019-05-10 11:09:18.644][main][INFO][springfox.documentation.spring.web.plugins.DocumentationPluginsBootstrapper][120]:Context refreshed
[2019-05-10 11:09:18.670][main][INFO][springfox.documentation.spring.web.plugins.DocumentationPluginsBootstrapper][123]:Found 1 custom documentation plugin(s)
[2019-05-10 11:09:18.693][main][INFO][springfox.documentation.spring.web.scanners.ApiListingReferenceScanner][41]:Scanning for api listing references
[2019-05-10 11:09:19.942][main][INFO][org.apache.juli.logging.DirectJDKLog][179]:Initializing ProtocolHandler ["http-nio-8888"]
[2019-05-10 11:09:19.958][main][INFO][org.apache.juli.logging.DirectJDKLog][179]:Starting ProtocolHandler ["http-nio-8888"]
[2019-05-10 11:09:19.980][main][INFO][org.apache.juli.logging.DirectJDKLog][179]:Using a shared selector for servlet write/read
[2019-05-10 11:09:20.009][main][INFO][org.springframework.boot.context.embedded.tomcat.TomcatEmbeddedServletContainer][201]:Tomcat started on port(s): 8888 (http)
[2019-05-10 11:09:20.009][main][INFO][org.springframework.boot.context.embedded.tomcat.TomcatEmbeddedServletContainer][201]:Tomcat started on port(s): 8888 (http)
[2019-05-10 11:09:20.018][main][INFO][org.springframework.boot.StartupInfoLogger][57]:Started App in 19.081 seconds (JVM running for 22.972)
